[2025-11-28T20:55:30.562+0000] {local_task_job_runner.py:120} INFO - ::group::Pre task execution logs
[2025-11-28T20:55:30.582+0000] {taskinstance.py:2076} INFO - Dependencies all met for dep_context=non-requeueable deps ti=<TaskInstance: etl_pipeline_final.task_transform manual__2025-11-28T20:55:27.561985+00:00 [queued]>
[2025-11-28T20:55:30.587+0000] {taskinstance.py:2076} INFO - Dependencies all met for dep_context=requeueable deps ti=<TaskInstance: etl_pipeline_final.task_transform manual__2025-11-28T20:55:27.561985+00:00 [queued]>
[2025-11-28T20:55:30.588+0000] {taskinstance.py:2306} INFO - Starting attempt 1 of 1
[2025-11-28T20:55:30.599+0000] {taskinstance.py:2330} INFO - Executing <Task(_PythonDecoratedOperator): task_transform> on 2025-11-28 20:55:27.561985+00:00
[2025-11-28T20:55:30.606+0000] {logging_mixin.py:188} WARNING - /home/***/.local/lib/python3.12/site-packages/***/task/task_runner/standard_task_runner.py:61 DeprecationWarning: This process (pid=298) is multi-threaded, use of fork() may lead to deadlocks in the child.
[2025-11-28T20:55:30.605+0000] {standard_task_runner.py:90} INFO - Running: ['***', 'tasks', 'run', 'etl_pipeline_final', 'task_transform', 'manual__2025-11-28T20:55:27.561985+00:00', '--job-id', '68', '--raw', '--subdir', 'DAGS_FOLDER/etl.py', '--cfg-path', '/tmp/tmpq0iibzjn']
[2025-11-28T20:55:30.607+0000] {standard_task_runner.py:91} INFO - Job 68: Subtask task_transform
[2025-11-28T20:55:30.607+0000] {standard_task_runner.py:63} INFO - Started process 301 to run task
[2025-11-28T20:55:30.647+0000] {task_command.py:426} INFO - Running <TaskInstance: etl_pipeline_final.task_transform manual__2025-11-28T20:55:27.561985+00:00 [running]> on host 33d3f194c23b
[2025-11-28T20:55:30.920+0000] {taskinstance.py:2648} INFO - Exporting env vars: AIRFLOW_CTX_DAG_OWNER='***' AIRFLOW_CTX_DAG_ID='etl_pipeline_final' AIRFLOW_CTX_TASK_ID='task_transform' AIRFLOW_CTX_EXECUTION_DATE='2025-11-28T20:55:27.561985+00:00' AIRFLOW_CTX_TRY_NUMBER='1' AIRFLOW_CTX_DAG_RUN_ID='manual__2025-11-28T20:55:27.561985+00:00'
[2025-11-28T20:55:30.921+0000] {taskinstance.py:430} INFO - ::endgroup::
[2025-11-28T20:55:30.922+0000] {python.py:237} INFO - Done. Returned value was: {'predictor':      Pregnancies  Glucose  BloodPressure  ...   BMI  DiabetesPedigreeFunction  Age
0              6      148             72  ...  33.6                     0.627   50
1              1       85             66  ...  26.6                     0.351   31
2              8      183             64  ...  23.3                     0.672   32
3              1       89             66  ...  28.1                     0.167   21
4              0      137             40  ...  43.1                     2.288   33
..           ...      ...            ...  ...   ...                       ...  ...
764            2      122             70  ...  36.8                     0.340   27
765            5      121             72  ...  26.2                     0.245   30
766            1      126             60  ...  30.1                     0.349   47
767            1       93             70  ...  30.4                     0.315   23
768            1       93             70  ...  30.4                     0.315   23

[769 rows x 8 columns], 'target': 0      1
1      0
2      1
3      0
4      1
      ..
764    0
765    0
766    1
767    0
768    0
Name: Outcome, Length: 769, dtype: int64}
[2025-11-28T20:55:30.928+0000] {taskinstance.py:441} INFO - ::group::Post task execution logs
[2025-11-28T20:55:30.943+0000] {xcom.py:675} ERROR - Object of type Series is not JSON serializable. If you are using pickle instead of JSON for XCom, then you need to enable pickle support for XCom in your *** config or make sure to decorate your object with attr.
[2025-11-28T20:55:30.944+0000] {taskinstance.py:2905} ERROR - Task failed with exception
Traceback (most recent call last):
  File "/home/airflow/.local/lib/python3.12/site-packages/airflow/utils/json.py", line 91, in default
    return serialize(o)
           ^^^^^^^^^^^^
  File "/home/airflow/.local/lib/python3.12/site-packages/airflow/serialization/serde.py", line 189, in serialize
    raise TypeError(f"cannot serialize object of type {cls}")
TypeError: cannot serialize object of type <class 'pandas.core.series.Series'>

During handling of the above exception, another exception occurred:

Traceback (most recent call last):
  File "/home/airflow/.local/lib/python3.12/site-packages/airflow/models/taskinstance.py", line 485, in _execute_task
    task_instance.xcom_push(key=key, value=value, session=session)
  File "/home/airflow/.local/lib/python3.12/site-packages/airflow/utils/session.py", line 76, in wrapper
    return func(*args, **kwargs)
           ^^^^^^^^^^^^^^^^^^^^^
  File "/home/airflow/.local/lib/python3.12/site-packages/airflow/models/taskinstance.py", line 3197, in xcom_push
    XCom.set(
  File "/home/airflow/.local/lib/python3.12/site-packages/airflow/utils/session.py", line 76, in wrapper
    return func(*args, **kwargs)
           ^^^^^^^^^^^^^^^^^^^^^
  File "/home/airflow/.local/lib/python3.12/site-packages/airflow/models/xcom.py", line 246, in set
    value = cls.serialize_value(
            ^^^^^^^^^^^^^^^^^^^^
  File "/home/airflow/.local/lib/python3.12/site-packages/airflow/models/xcom.py", line 673, in serialize_value
    return json.dumps(value, cls=XComEncoder).encode("UTF-8")
           ^^^^^^^^^^^^^^^^^^^^^^^^^^^^^^^^^^
  File "/usr/local/lib/python3.12/json/__init__.py", line 238, in dumps
    **kw).encode(obj)
          ^^^^^^^^^^^
  File "/home/airflow/.local/lib/python3.12/site-packages/airflow/utils/json.py", line 104, in encode
    return super().encode(o)
           ^^^^^^^^^^^^^^^^^
  File "/usr/local/lib/python3.12/json/encoder.py", line 200, in encode
    chunks = self.iterencode(o, _one_shot=True)
             ^^^^^^^^^^^^^^^^^^^^^^^^^^^^^^^^^^
  File "/usr/local/lib/python3.12/json/encoder.py", line 258, in iterencode
    return _iterencode(o, 0)
           ^^^^^^^^^^^^^^^^^
  File "/home/airflow/.local/lib/python3.12/site-packages/airflow/utils/json.py", line 93, in default
    return super().default(o)
           ^^^^^^^^^^^^^^^^^^
  File "/usr/local/lib/python3.12/json/encoder.py", line 180, in default
    raise TypeError(f'Object of type {o.__class__.__name__} '
TypeError: Object of type Series is not JSON serializable
[2025-11-28T20:55:30.954+0000] {taskinstance.py:1206} INFO - Marking task as FAILED. dag_id=etl_pipeline_final, task_id=task_transform, run_id=manual__2025-11-28T20:55:27.561985+00:00, execution_date=20251128T205527, start_date=20251128T205530, end_date=20251128T205530
[2025-11-28T20:55:30.966+0000] {standard_task_runner.py:110} ERROR - Failed to execute job 68 for task task_transform (Object of type Series is not JSON serializable; 301)
[2025-11-28T20:55:30.982+0000] {local_task_job_runner.py:240} INFO - Task exited with return code 1
[2025-11-28T20:55:31.002+0000] {taskinstance.py:3498} INFO - 0 downstream tasks scheduled from follow-on schedule check
[2025-11-28T20:55:31.007+0000] {local_task_job_runner.py:222} INFO - ::endgroup::
