[2025-11-27T19:59:39.880+0000] {local_task_job_runner.py:120} INFO - ::group::Pre task execution logs
[2025-11-27T19:59:39.902+0000] {taskinstance.py:2076} INFO - Dependencies all met for dep_context=non-requeueable deps ti=<TaskInstance: feature_store_cr.create_dataset_task scheduled__2025-11-26T00:00:00+00:00 [queued]>
[2025-11-27T19:59:39.911+0000] {taskinstance.py:2076} INFO - Dependencies all met for dep_context=requeueable deps ti=<TaskInstance: feature_store_cr.create_dataset_task scheduled__2025-11-26T00:00:00+00:00 [queued]>
[2025-11-27T19:59:39.912+0000] {taskinstance.py:2306} INFO - Starting attempt 1 of 1
[2025-11-27T19:59:39.925+0000] {taskinstance.py:2330} INFO - Executing <Task(_PythonDecoratedOperator): create_dataset_task> on 2025-11-26 00:00:00+00:00
[2025-11-27T19:59:39.932+0000] {logging_mixin.py:188} WARNING - /home/***/.local/lib/python3.12/site-packages/***/task/task_runner/standard_task_runner.py:61 DeprecationWarning: This process (pid=333) is multi-threaded, use of fork() may lead to deadlocks in the child.
[2025-11-27T19:59:39.932+0000] {standard_task_runner.py:63} INFO - Started process 336 to run task
[2025-11-27T19:59:39.932+0000] {standard_task_runner.py:90} INFO - Running: ['***', 'tasks', 'run', 'feature_store_cr', 'create_dataset_task', 'scheduled__2025-11-26T00:00:00+00:00', '--job-id', '72', '--raw', '--subdir', 'DAGS_FOLDER/feature_store.py', '--cfg-path', '/tmp/tmp24j3ozwx']
[2025-11-27T19:59:39.933+0000] {standard_task_runner.py:91} INFO - Job 72: Subtask create_dataset_task
[2025-11-27T19:59:39.988+0000] {task_command.py:426} INFO - Running <TaskInstance: feature_store_cr.create_dataset_task scheduled__2025-11-26T00:00:00+00:00 [running]> on host 526a5b4f3a6c
[2025-11-27T19:59:40.079+0000] {taskinstance.py:2648} INFO - Exporting env vars: AIRFLOW_CTX_DAG_OWNER='***' AIRFLOW_CTX_DAG_ID='feature_store_cr' AIRFLOW_CTX_TASK_ID='create_dataset_task' AIRFLOW_CTX_EXECUTION_DATE='2025-11-26T00:00:00+00:00' AIRFLOW_CTX_TRY_NUMBER='1' AIRFLOW_CTX_DAG_RUN_ID='scheduled__2025-11-26T00:00:00+00:00'
[2025-11-27T19:59:40.080+0000] {taskinstance.py:430} INFO - ::endgroup::
[2025-11-27T19:59:41.044+0000] {registry.py:872} INFO - Registry cache expired, so refreshing
[2025-11-27T19:59:41.051+0000] {logging_mixin.py:188} INFO - Lendo entidades de: /home/luisveloso/MLOps_projects/feature_store/data/artifacts/target.parquet
[2025-11-27T19:59:41.054+0000] {taskinstance.py:441} INFO - ::group::Post task execution logs
[2025-11-27T19:59:41.055+0000] {taskinstance.py:2905} ERROR - Task failed with exception
Traceback (most recent call last):
  File "/home/airflow/.local/lib/python3.12/site-packages/airflow/models/taskinstance.py", line 465, in _execute_task
    result = _execute_callable(context=context, **execute_callable_kwargs)
             ^^^^^^^^^^^^^^^^^^^^^^^^^^^^^^^^^^^^^^^^^^^^^^^^^^^^^^^^^^^^^
  File "/home/airflow/.local/lib/python3.12/site-packages/airflow/models/taskinstance.py", line 432, in _execute_callable
    return execute_callable(context=context, **execute_callable_kwargs)
           ^^^^^^^^^^^^^^^^^^^^^^^^^^^^^^^^^^^^^^^^^^^^^^^^^^^^^^^^^^^^
  File "/home/airflow/.local/lib/python3.12/site-packages/airflow/models/baseoperator.py", line 400, in wrapper
    return func(self, *args, **kwargs)
           ^^^^^^^^^^^^^^^^^^^^^^^^^^^
  File "/home/airflow/.local/lib/python3.12/site-packages/airflow/decorators/base.py", line 265, in execute
    return_value = super().execute(context)
                   ^^^^^^^^^^^^^^^^^^^^^^^^
  File "/home/airflow/.local/lib/python3.12/site-packages/airflow/models/baseoperator.py", line 400, in wrapper
    return func(self, *args, **kwargs)
           ^^^^^^^^^^^^^^^^^^^^^^^^^^^
  File "/home/airflow/.local/lib/python3.12/site-packages/airflow/operators/python.py", line 235, in execute
    return_value = self.execute_callable()
                   ^^^^^^^^^^^^^^^^^^^^^^^
  File "/home/airflow/.local/lib/python3.12/site-packages/airflow/operators/python.py", line 252, in execute_callable
    return self.python_callable(*self.op_args, **self.op_kwargs)
           ^^^^^^^^^^^^^^^^^^^^^^^^^^^^^^^^^^^^^^^^^^^^^^^^^^^^^
  File "/opt/airflow/dags/feature_store.py", line 29, in create_dataset_task
    entity_df = pd.read_parquet(ENTITY_PATH)
                ^^^^^^^^^^^^^^^^^^^^^^^^^^^^
  File "/home/airflow/.local/lib/python3.12/site-packages/pandas/io/parquet.py", line 509, in read_parquet
    return impl.read(
           ^^^^^^^^^^
  File "/home/airflow/.local/lib/python3.12/site-packages/pandas/io/parquet.py", line 220, in read
    path_or_handle, handles, kwargs["filesystem"] = _get_path_or_handle(
                                                    ^^^^^^^^^^^^^^^^^^^^
  File "/home/airflow/.local/lib/python3.12/site-packages/pandas/io/parquet.py", line 110, in _get_path_or_handle
    handles = get_handle(
              ^^^^^^^^^^^
  File "/home/airflow/.local/lib/python3.12/site-packages/pandas/io/common.py", line 868, in get_handle
    handle = open(handle, ioargs.mode)
             ^^^^^^^^^^^^^^^^^^^^^^^^^
FileNotFoundError: [Errno 2] No such file or directory: '/home/luisveloso/MLOps_projects/feature_store/data/artifacts/target.parquet'
[2025-11-27T19:59:41.071+0000] {taskinstance.py:1206} INFO - Marking task as FAILED. dag_id=feature_store_cr, task_id=create_dataset_task, run_id=scheduled__2025-11-26T00:00:00+00:00, execution_date=20251126T000000, start_date=20251127T195939, end_date=20251127T195941
[2025-11-27T19:59:41.085+0000] {standard_task_runner.py:110} ERROR - Failed to execute job 72 for task create_dataset_task ([Errno 2] No such file or directory: '/home/luisveloso/MLOps_projects/feature_store/data/artifacts/target.parquet'; 336)
[2025-11-27T19:59:41.117+0000] {local_task_job_runner.py:240} INFO - Task exited with return code 1
[2025-11-27T19:59:41.136+0000] {taskinstance.py:3498} INFO - 0 downstream tasks scheduled from follow-on schedule check
[2025-11-27T19:59:41.138+0000] {local_task_job_runner.py:222} INFO - ::endgroup::
