[2025-11-27T19:54:29.453+0000] {local_task_job_runner.py:120} INFO - ::group::Pre task execution logs
[2025-11-27T19:54:29.515+0000] {taskinstance.py:2076} INFO - Dependencies all met for dep_context=non-requeueable deps ti=<TaskInstance: feature_store_creation.create_dataset_task manual__2025-11-27T19:54:23.853938+00:00 [queued]>
[2025-11-27T19:54:29.533+0000] {taskinstance.py:2076} INFO - Dependencies all met for dep_context=requeueable deps ti=<TaskInstance: feature_store_creation.create_dataset_task manual__2025-11-27T19:54:23.853938+00:00 [queued]>
[2025-11-27T19:54:29.534+0000] {taskinstance.py:2306} INFO - Starting attempt 1 of 1
[2025-11-27T19:54:29.560+0000] {taskinstance.py:2330} INFO - Executing <Task(_PythonDecoratedOperator): create_dataset_task> on 2025-11-27 19:54:23.853938+00:00
[2025-11-27T19:54:29.576+0000] {logging_mixin.py:188} WARNING - /home/***/.local/lib/python3.12/site-packages/***/task/task_runner/standard_task_runner.py:61 DeprecationWarning: This process (pid=1314) is multi-threaded, use of fork() may lead to deadlocks in the child.
[2025-11-27T19:54:29.577+0000] {standard_task_runner.py:63} INFO - Started process 1322 to run task
[2025-11-27T19:54:29.580+0000] {standard_task_runner.py:90} INFO - Running: ['***', 'tasks', 'run', 'feature_store_creation', 'create_dataset_task', 'manual__2025-11-27T19:54:23.853938+00:00', '--job-id', '66', '--raw', '--subdir', 'DAGS_FOLDER/feature_store.py', '--cfg-path', '/tmp/tmpszjtqkx8']
[2025-11-27T19:54:29.585+0000] {standard_task_runner.py:91} INFO - Job 66: Subtask create_dataset_task
[2025-11-27T19:54:29.677+0000] {task_command.py:426} INFO - Running <TaskInstance: feature_store_creation.create_dataset_task manual__2025-11-27T19:54:23.853938+00:00 [running]> on host 2a6b3d4c2450
[2025-11-27T19:54:29.810+0000] {taskinstance.py:2648} INFO - Exporting env vars: AIRFLOW_CTX_DAG_OWNER='***' AIRFLOW_CTX_DAG_ID='feature_store_creation' AIRFLOW_CTX_TASK_ID='create_dataset_task' AIRFLOW_CTX_EXECUTION_DATE='2025-11-27T19:54:23.853938+00:00' AIRFLOW_CTX_TRY_NUMBER='1' AIRFLOW_CTX_DAG_RUN_ID='manual__2025-11-27T19:54:23.853938+00:00'
[2025-11-27T19:54:29.812+0000] {taskinstance.py:430} INFO - ::endgroup::
[2025-11-27T19:54:29.813+0000] {taskinstance.py:441} INFO - ::group::Post task execution logs
[2025-11-27T19:54:29.813+0000] {taskinstance.py:2905} ERROR - Task failed with exception
Traceback (most recent call last):
  File "/home/airflow/.local/lib/python3.12/site-packages/airflow/models/taskinstance.py", line 465, in _execute_task
    result = _execute_callable(context=context, **execute_callable_kwargs)
             ^^^^^^^^^^^^^^^^^^^^^^^^^^^^^^^^^^^^^^^^^^^^^^^^^^^^^^^^^^^^^
  File "/home/airflow/.local/lib/python3.12/site-packages/airflow/models/taskinstance.py", line 432, in _execute_callable
    return execute_callable(context=context, **execute_callable_kwargs)
           ^^^^^^^^^^^^^^^^^^^^^^^^^^^^^^^^^^^^^^^^^^^^^^^^^^^^^^^^^^^^
  File "/home/airflow/.local/lib/python3.12/site-packages/airflow/models/baseoperator.py", line 400, in wrapper
    return func(self, *args, **kwargs)
           ^^^^^^^^^^^^^^^^^^^^^^^^^^^
  File "/home/airflow/.local/lib/python3.12/site-packages/airflow/decorators/base.py", line 265, in execute
    return_value = super().execute(context)
                   ^^^^^^^^^^^^^^^^^^^^^^^^
  File "/home/airflow/.local/lib/python3.12/site-packages/airflow/models/baseoperator.py", line 400, in wrapper
    return func(self, *args, **kwargs)
           ^^^^^^^^^^^^^^^^^^^^^^^^^^^
  File "/home/airflow/.local/lib/python3.12/site-packages/airflow/operators/python.py", line 235, in execute
    return_value = self.execute_callable()
                   ^^^^^^^^^^^^^^^^^^^^^^^
  File "/home/airflow/.local/lib/python3.12/site-packages/airflow/operators/python.py", line 252, in execute_callable
    return self.python_callable(*self.op_args, **self.op_kwargs)
           ^^^^^^^^^^^^^^^^^^^^^^^^^^^^^^^^^^^^^^^^^^^^^^^^^^^^^
  File "/opt/airflow/dags/feature_store.py", line 25, in create_dataset_task
    store = FeatureStore(repo_path=REPO_PATH)
            ^^^^^^^^^^^^^^^^^^^^^^^^^^^^^^^^^
  File "/home/airflow/.local/lib/python3.12/site-packages/feast/feature_store.py", line 144, in __init__
    self.config = load_repo_config(
                  ^^^^^^^^^^^^^^^^^
  File "/home/airflow/.local/lib/python3.12/site-packages/feast/repo_config.py", line 507, in load_repo_config
    with open(config_path) as f:
         ^^^^^^^^^^^^^^^^^
FileNotFoundError: [Errno 2] No such file or directory: '/home/luisveloso/MLOps_projects/feature_store/feature_store.yaml'
[2025-11-27T19:54:29.831+0000] {taskinstance.py:1206} INFO - Marking task as FAILED. dag_id=feature_store_creation, task_id=create_dataset_task, run_id=manual__2025-11-27T19:54:23.853938+00:00, execution_date=20251127T195423, start_date=20251127T195429, end_date=20251127T195429
[2025-11-27T19:54:29.845+0000] {standard_task_runner.py:110} ERROR - Failed to execute job 66 for task create_dataset_task ([Errno 2] No such file or directory: '/home/luisveloso/MLOps_projects/feature_store/feature_store.yaml'; 1322)
[2025-11-27T19:54:29.878+0000] {local_task_job_runner.py:240} INFO - Task exited with return code 1
[2025-11-27T19:54:29.898+0000] {taskinstance.py:3498} INFO - 0 downstream tasks scheduled from follow-on schedule check
[2025-11-27T19:54:29.902+0000] {local_task_job_runner.py:222} INFO - ::endgroup::
