[2025-11-27T20:02:12.780+0000] {local_task_job_runner.py:120} INFO - ::group::Pre task execution logs
[2025-11-27T20:02:12.807+0000] {taskinstance.py:2076} INFO - Dependencies all met for dep_context=non-requeueable deps ti=<TaskInstance: feature_store_cr.create_dataset_task manual__2025-11-27T20:02:10.440755+00:00 [queued]>
[2025-11-27T20:02:12.815+0000] {taskinstance.py:2076} INFO - Dependencies all met for dep_context=requeueable deps ti=<TaskInstance: feature_store_cr.create_dataset_task manual__2025-11-27T20:02:10.440755+00:00 [queued]>
[2025-11-27T20:02:12.815+0000] {taskinstance.py:2306} INFO - Starting attempt 1 of 1
[2025-11-27T20:02:12.827+0000] {taskinstance.py:2330} INFO - Executing <Task(_PythonDecoratedOperator): create_dataset_task> on 2025-11-27 20:02:10.440755+00:00
[2025-11-27T20:02:12.834+0000] {logging_mixin.py:188} WARNING - /home/***/.local/lib/python3.12/site-packages/***/task/task_runner/standard_task_runner.py:61 DeprecationWarning: This process (pid=470) is multi-threaded, use of fork() may lead to deadlocks in the child.
[2025-11-27T20:02:12.836+0000] {standard_task_runner.py:63} INFO - Started process 478 to run task
[2025-11-27T20:02:12.834+0000] {standard_task_runner.py:90} INFO - Running: ['***', 'tasks', 'run', 'feature_store_cr', 'create_dataset_task', 'manual__2025-11-27T20:02:10.440755+00:00', '--job-id', '75', '--raw', '--subdir', 'DAGS_FOLDER/feature_store.py', '--cfg-path', '/tmp/tmp3act8gs9']
[2025-11-27T20:02:12.837+0000] {standard_task_runner.py:91} INFO - Job 75: Subtask create_dataset_task
[2025-11-27T20:02:12.886+0000] {task_command.py:426} INFO - Running <TaskInstance: feature_store_cr.create_dataset_task manual__2025-11-27T20:02:10.440755+00:00 [running]> on host 526a5b4f3a6c
[2025-11-27T20:02:12.958+0000] {taskinstance.py:2648} INFO - Exporting env vars: AIRFLOW_CTX_DAG_OWNER='***' AIRFLOW_CTX_DAG_ID='feature_store_cr' AIRFLOW_CTX_TASK_ID='create_dataset_task' AIRFLOW_CTX_EXECUTION_DATE='2025-11-27T20:02:10.440755+00:00' AIRFLOW_CTX_TRY_NUMBER='1' AIRFLOW_CTX_DAG_RUN_ID='manual__2025-11-27T20:02:10.440755+00:00'
[2025-11-27T20:02:12.959+0000] {taskinstance.py:430} INFO - ::endgroup::
[2025-11-27T20:02:13.501+0000] {registry.py:872} INFO - Registry cache expired, so refreshing
[2025-11-27T20:02:13.503+0000] {logging_mixin.py:188} INFO - Lendo entidades de: /home/luisveloso/MLOps_projects/data/artifacts/target.parquet
[2025-11-27T20:02:13.513+0000] {logging_mixin.py:188} INFO - Recuperando features hist√≥ricas...
[2025-11-27T20:02:13.513+0000] {utils.py:750} WARNING - _list_feature_views will make breaking changes. Please use _list_batch_feature_views instead. _list_feature_views will behave like _list_all_feature_views in the future.
[2025-11-27T20:02:13.513+0000] {registry.py:872} INFO - Registry cache expired, so refreshing
[2025-11-27T20:02:13.516+0000] {registry.py:872} INFO - Registry cache expired, so refreshing
[2025-11-27T20:02:13.516+0000] {registry.py:872} INFO - Registry cache expired, so refreshing
[2025-11-27T20:02:13.520+0000] {registry.py:872} INFO - Registry cache expired, so refreshing
[2025-11-27T20:02:13.639+0000] {logging_mixin.py:188} INFO - Features recuperadas. Shape: (768, 7)
[2025-11-27T20:02:13.640+0000] {logging_mixin.py:188} WARNING - /home/***/.local/lib/python3.12/site-packages/feast/feature_store.py:1155 RuntimeWarning: Saving dataset is an experimental feature. This API is unstable and it could and most probably will be changed in the future. We do not guarantee that future changes will maintain backward compatibility.
[2025-11-27T20:02:13.641+0000] {taskinstance.py:441} INFO - ::group::Post task execution logs
[2025-11-27T20:02:13.641+0000] {taskinstance.py:2905} ERROR - Task failed with exception
Traceback (most recent call last):
  File "/home/airflow/.local/lib/python3.12/site-packages/airflow/models/taskinstance.py", line 465, in _execute_task
    result = _execute_callable(context=context, **execute_callable_kwargs)
             ^^^^^^^^^^^^^^^^^^^^^^^^^^^^^^^^^^^^^^^^^^^^^^^^^^^^^^^^^^^^^
  File "/home/airflow/.local/lib/python3.12/site-packages/airflow/models/taskinstance.py", line 432, in _execute_callable
    return execute_callable(context=context, **execute_callable_kwargs)
           ^^^^^^^^^^^^^^^^^^^^^^^^^^^^^^^^^^^^^^^^^^^^^^^^^^^^^^^^^^^^
  File "/home/airflow/.local/lib/python3.12/site-packages/airflow/models/baseoperator.py", line 400, in wrapper
    return func(self, *args, **kwargs)
           ^^^^^^^^^^^^^^^^^^^^^^^^^^^
  File "/home/airflow/.local/lib/python3.12/site-packages/airflow/decorators/base.py", line 265, in execute
    return_value = super().execute(context)
                   ^^^^^^^^^^^^^^^^^^^^^^^^
  File "/home/airflow/.local/lib/python3.12/site-packages/airflow/models/baseoperator.py", line 400, in wrapper
    return func(self, *args, **kwargs)
           ^^^^^^^^^^^^^^^^^^^^^^^^^^^
  File "/home/airflow/.local/lib/python3.12/site-packages/airflow/operators/python.py", line 235, in execute
    return_value = self.execute_callable()
                   ^^^^^^^^^^^^^^^^^^^^^^^
  File "/home/airflow/.local/lib/python3.12/site-packages/airflow/operators/python.py", line 252, in execute_callable
    return self.python_callable(*self.op_args, **self.op_kwargs)
           ^^^^^^^^^^^^^^^^^^^^^^^^^^^^^^^^^^^^^^^^^^^^^^^^^^^^^
  File "/opt/airflow/dags/feature_store.py", line 51, in create_dataset_task
    store.create_saved_dataset(
  File "/home/airflow/.local/lib/python3.12/site-packages/feast/feature_store.py", line 1162, in create_saved_dataset
    if not from_.metadata:
           ^^^^^^^^^^^^^^
  File "/home/airflow/.local/lib/python3.12/site-packages/pandas/core/generic.py", line 5989, in __getattr__
    return object.__getattribute__(self, name)
           ^^^^^^^^^^^^^^^^^^^^^^^^^^^^^^^^^^^
AttributeError: 'DataFrame' object has no attribute 'metadata'. Did you mean: '_metadata'?
[2025-11-27T20:02:13.656+0000] {taskinstance.py:1206} INFO - Marking task as FAILED. dag_id=feature_store_cr, task_id=create_dataset_task, run_id=manual__2025-11-27T20:02:10.440755+00:00, execution_date=20251127T200210, start_date=20251127T200212, end_date=20251127T200213
[2025-11-27T20:02:13.669+0000] {standard_task_runner.py:110} ERROR - Failed to execute job 75 for task create_dataset_task ('DataFrame' object has no attribute 'metadata'; 478)
[2025-11-27T20:02:13.696+0000] {local_task_job_runner.py:240} INFO - Task exited with return code 1
[2025-11-27T20:02:13.712+0000] {taskinstance.py:3498} INFO - 0 downstream tasks scheduled from follow-on schedule check
[2025-11-27T20:02:13.716+0000] {local_task_job_runner.py:222} INFO - ::endgroup::
