[2025-11-27T20:00:41.964+0000] {local_task_job_runner.py:120} INFO - ::group::Pre task execution logs
[2025-11-27T20:00:41.979+0000] {taskinstance.py:2076} INFO - Dependencies all met for dep_context=non-requeueable deps ti=<TaskInstance: feature_store_cr.create_dataset_task manual__2025-11-27T20:00:40.129247+00:00 [queued]>
[2025-11-27T20:00:41.983+0000] {taskinstance.py:2076} INFO - Dependencies all met for dep_context=requeueable deps ti=<TaskInstance: feature_store_cr.create_dataset_task manual__2025-11-27T20:00:40.129247+00:00 [queued]>
[2025-11-27T20:00:41.983+0000] {taskinstance.py:2306} INFO - Starting attempt 1 of 1
[2025-11-27T20:00:41.990+0000] {taskinstance.py:2330} INFO - Executing <Task(_PythonDecoratedOperator): create_dataset_task> on 2025-11-27 20:00:40.129247+00:00
[2025-11-27T20:00:41.996+0000] {logging_mixin.py:188} WARNING - /home/***/.local/lib/python3.12/site-packages/***/task/task_runner/standard_task_runner.py:61 DeprecationWarning: This process (pid=402) is multi-threaded, use of fork() may lead to deadlocks in the child.
[2025-11-27T20:00:41.997+0000] {standard_task_runner.py:63} INFO - Started process 404 to run task
[2025-11-27T20:00:41.996+0000] {standard_task_runner.py:90} INFO - Running: ['***', 'tasks', 'run', 'feature_store_cr', 'create_dataset_task', 'manual__2025-11-27T20:00:40.129247+00:00', '--job-id', '74', '--raw', '--subdir', 'DAGS_FOLDER/feature_store.py', '--cfg-path', '/tmp/tmpbc91b6ms']
[2025-11-27T20:00:41.998+0000] {standard_task_runner.py:91} INFO - Job 74: Subtask create_dataset_task
[2025-11-27T20:00:42.027+0000] {task_command.py:426} INFO - Running <TaskInstance: feature_store_cr.create_dataset_task manual__2025-11-27T20:00:40.129247+00:00 [running]> on host 526a5b4f3a6c
[2025-11-27T20:00:42.079+0000] {taskinstance.py:2648} INFO - Exporting env vars: AIRFLOW_CTX_DAG_OWNER='***' AIRFLOW_CTX_DAG_ID='feature_store_cr' AIRFLOW_CTX_TASK_ID='create_dataset_task' AIRFLOW_CTX_EXECUTION_DATE='2025-11-27T20:00:40.129247+00:00' AIRFLOW_CTX_TRY_NUMBER='1' AIRFLOW_CTX_DAG_RUN_ID='manual__2025-11-27T20:00:40.129247+00:00'
[2025-11-27T20:00:42.080+0000] {taskinstance.py:430} INFO - ::endgroup::
[2025-11-27T20:00:42.428+0000] {registry.py:872} INFO - Registry cache expired, so refreshing
[2025-11-27T20:00:42.429+0000] {logging_mixin.py:188} INFO - Lendo entidades de: /home/luisveloso/MLOps_projects/data/artifacts/target.parquet
[2025-11-27T20:00:42.449+0000] {logging_mixin.py:188} INFO - Recuperando features hist√≥ricas...
[2025-11-27T20:00:42.449+0000] {utils.py:750} WARNING - _list_feature_views will make breaking changes. Please use _list_batch_feature_views instead. _list_feature_views will behave like _list_all_feature_views in the future.
[2025-11-27T20:00:42.449+0000] {registry.py:872} INFO - Registry cache expired, so refreshing
[2025-11-27T20:00:42.449+0000] {registry.py:872} INFO - Registry cache expired, so refreshing
[2025-11-27T20:00:42.449+0000] {registry.py:872} INFO - Registry cache expired, so refreshing
[2025-11-27T20:00:42.450+0000] {taskinstance.py:441} INFO - ::group::Post task execution logs
[2025-11-27T20:00:42.450+0000] {taskinstance.py:2905} ERROR - Task failed with exception
Traceback (most recent call last):
  File "/home/airflow/.local/lib/python3.12/site-packages/airflow/models/taskinstance.py", line 465, in _execute_task
    result = _execute_callable(context=context, **execute_callable_kwargs)
             ^^^^^^^^^^^^^^^^^^^^^^^^^^^^^^^^^^^^^^^^^^^^^^^^^^^^^^^^^^^^^
  File "/home/airflow/.local/lib/python3.12/site-packages/airflow/models/taskinstance.py", line 432, in _execute_callable
    return execute_callable(context=context, **execute_callable_kwargs)
           ^^^^^^^^^^^^^^^^^^^^^^^^^^^^^^^^^^^^^^^^^^^^^^^^^^^^^^^^^^^^
  File "/home/airflow/.local/lib/python3.12/site-packages/airflow/models/baseoperator.py", line 400, in wrapper
    return func(self, *args, **kwargs)
           ^^^^^^^^^^^^^^^^^^^^^^^^^^^
  File "/home/airflow/.local/lib/python3.12/site-packages/airflow/decorators/base.py", line 265, in execute
    return_value = super().execute(context)
                   ^^^^^^^^^^^^^^^^^^^^^^^^
  File "/home/airflow/.local/lib/python3.12/site-packages/airflow/models/baseoperator.py", line 400, in wrapper
    return func(self, *args, **kwargs)
           ^^^^^^^^^^^^^^^^^^^^^^^^^^^
  File "/home/airflow/.local/lib/python3.12/site-packages/airflow/operators/python.py", line 235, in execute
    return_value = self.execute_callable()
                   ^^^^^^^^^^^^^^^^^^^^^^^
  File "/home/airflow/.local/lib/python3.12/site-packages/airflow/operators/python.py", line 252, in execute_callable
    return self.python_callable(*self.op_args, **self.op_kwargs)
           ^^^^^^^^^^^^^^^^^^^^^^^^^^^^^^^^^^^^^^^^^^^^^^^^^^^^^
  File "/opt/airflow/dags/feature_store.py", line 33, in create_dataset_task
    retrieval_job = store.get_historical_features(
                    ^^^^^^^^^^^^^^^^^^^^^^^^^^^^^^
  File "/home/airflow/.local/lib/python3.12/site-packages/feast/feature_store.py", line 1088, in get_historical_features
    fvs, odfvs = utils._group_feature_refs(
                 ^^^^^^^^^^^^^^^^^^^^^^^^^^
  File "/home/airflow/.local/lib/python3.12/site-packages/feast/utils.py", line 373, in _group_feature_refs
    raise FeatureViewNotFoundException(view_name)
feast.errors.FeatureViewNotFoundException: Feature view predictors_df_feature_view does not exist
[2025-11-27T20:00:42.457+0000] {taskinstance.py:1206} INFO - Marking task as FAILED. dag_id=feature_store_cr, task_id=create_dataset_task, run_id=manual__2025-11-27T20:00:40.129247+00:00, execution_date=20251127T200040, start_date=20251127T200041, end_date=20251127T200042
[2025-11-27T20:00:42.464+0000] {standard_task_runner.py:110} ERROR - Failed to execute job 74 for task create_dataset_task (Feature view predictors_df_feature_view does not exist; 404)
[2025-11-27T20:00:42.501+0000] {local_task_job_runner.py:240} INFO - Task exited with return code 1
[2025-11-27T20:00:42.512+0000] {taskinstance.py:3498} INFO - 0 downstream tasks scheduled from follow-on schedule check
[2025-11-27T20:00:42.514+0000] {local_task_job_runner.py:222} INFO - ::endgroup::
